1555661960708	geckodriver	INFO	geckodriver 0.19.1
1555661960717	geckodriver	INFO	Listening on 127.0.0.1:8489
1555661961338	mozrunner::runner	INFO	Running command: "C:\\Program Files\\Mozilla Firefox\\firefox.exe" "-marionette" "-profile" "C:\\Users\\V_DUZH~1\\AppData\\Local\\Temp\\rust_mozprofile.ustydJM2QWf3"
1555661962641	addons.webextension.screenshots@mozilla.org	WARN	Loading extension 'screenshots@mozilla.org': Reading manifest: Invalid extension permission: mozillaAddons
1555661962641	addons.webextension.screenshots@mozilla.org	WARN	Loading extension 'screenshots@mozilla.org': Reading manifest: Invalid extension permission: resource://pdf.js/
1555661962641	addons.webextension.screenshots@mozilla.org	WARN	Loading extension 'screenshots@mozilla.org': Reading manifest: Invalid extension permission: about:reader*
1555661962792	Marionette	TRACE	Received observer notification profile-after-change
1555661963011	Marionette	TRACE	Received observer notification toplevel-window-ready
1555661963059	Marionette	TRACE	Received observer notification command-line-startup
1555661963060	Marionette	TRACE	Received observer notification nsPref:changed
1555661963060	Marionette	DEBUG	Init aborted (running=false, enabled=true, finalUIStartup=false)
1555661963133	Marionette	TRACE	Received observer notification toplevel-window-ready
1555661964826	Marionette	TRACE	Received observer notification sessionstore-windows-restored
1555661964826	Marionette	TRACE	GFX sanity window detected, waiting until it has been closed...
1555661964960	Marionette	TRACE	Received observer notification domwindowclosed
1555661964961	Marionette	TRACE	Waiting until startup recorder finished recording startup scripts...
1555661965284	Marionette	TRACE	All scripts recorded.
1555661965284	Marionette	DEBUG	Setting recommended pref app.update.disabledForTesting to true
1555661965284	Marionette	DEBUG	Setting recommended pref browser.contentblocking.introCount to 99
1555661965285	Marionette	DEBUG	Setting recommended pref datareporting.policy.dataSubmissionPolicyAccepted to false
1555661965285	Marionette	DEBUG	Setting recommended pref dom.disable_beforeunload to true
1555661965285	Marionette	DEBUG	Setting recommended pref toolkit.cosmeticAnimations.enabled to false
1555661965375	Marionette	INFO	Listening on port 8496
1555661965375	Marionette	DEBUG	Remote service is active
1555661965678	Marionette	DEBUG	Accepted connection 0 from 127.0.0.1:8517
1555661965710	Marionette	DEBUG	0 -> [0,1,"newSession",{"acceptInsecureCerts":true,"browserName":"firefox","capabilities":{"desiredCapabilities":{"acceptInsecureCerts":true,"browserName":"firefox"}}}]
1555661965710	Marionette	DEBUG	0 <- [1,1,{"error":"unknown command","message":"newSession","stacktrace":"WebDriverError@chrome://marionette/content/error.js:179: ... et@chrome://marionette/content/server.js:235:8\n_onJSONObjectReady/<@chrome://marionette/content/transport.js:493:9\n"},null]
Exiting due to channel error.
1555661973763	geckodriver	INFO	geckodriver 0.19.1
1555661973771	geckodriver	INFO	Listening on 127.0.0.1:8536
1555661974360	mozrunner::runner	INFO	Running command: "C:\\Program Files\\Mozilla Firefox\\firefox.exe" "-marionette" "-profile" "C:\\Users\\V_DUZH~1\\AppData\\Local\\Temp\\rust_mozprofile.u4O0yBb6cpsC"
1555661975164	addons.webextension.screenshots@mozilla.org	WARN	Loading extension 'screenshots@mozilla.org': Reading manifest: Invalid extension permission: mozillaAddons
1555661975164	addons.webextension.screenshots@mozilla.org	WARN	Loading extension 'screenshots@mozilla.org': Reading manifest: Invalid extension permission: resource://pdf.js/
1555661975164	addons.webextension.screenshots@mozilla.org	WARN	Loading extension 'screenshots@mozilla.org': Reading manifest: Invalid extension permission: about:reader*
1555661975298	Marionette	TRACE	Received observer notification profile-after-change
1555661975523	Marionette	TRACE	Received observer notification toplevel-window-ready
1555661975565	Marionette	TRACE	Received observer notification command-line-startup
1555661975565	Marionette	TRACE	Received observer notification nsPref:changed
1555661975565	Marionette	DEBUG	Init aborted (running=false, enabled=true, finalUIStartup=false)
1555661975621	Marionette	TRACE	Received observer notification toplevel-window-ready
1555661977213	Marionette	TRACE	Received observer notification sessionstore-windows-restored
1555661977213	Marionette	TRACE	GFX sanity window detected, waiting until it has been closed...
1555661977347	Marionette	TRACE	Received observer notification domwindowclosed
1555661977347	Marionette	TRACE	Waiting until startup recorder finished recording startup scripts...
1555661977532	Marionette	TRACE	All scripts recorded.
1555661977533	Marionette	DEBUG	Setting recommended pref app.update.disabledForTesting to true
1555661977535	Marionette	DEBUG	Setting recommended pref browser.contentblocking.introCount to 99
1555661977537	Marionette	DEBUG	Setting recommended pref datareporting.policy.dataSubmissionPolicyAccepted to false
1555661977538	Marionette	DEBUG	Setting recommended pref dom.disable_beforeunload to true
1555661977539	Marionette	DEBUG	Setting recommended pref toolkit.cosmeticAnimations.enabled to false
1555661977632	Marionette	INFO	Listening on port 8541
1555661977632	Marionette	DEBUG	Remote service is active
1555661977682	Marionette	DEBUG	Accepted connection 0 from 127.0.0.1:8560
1555661977697	Marionette	DEBUG	0 -> [0,1,"newSession",{"acceptInsecureCerts":true,"browserName":"firefox","capabilities":{"desiredCapabilities":{"acceptInsecureCerts":true,"browserName":"firefox"}}}]
1555661977697	Marionette	DEBUG	0 <- [1,1,{"error":"unknown command","message":"newSession","stacktrace":"WebDriverError@chrome://marionette/content/error.js:179: ... et@chrome://marionette/content/server.js:235:8\n_onJSONObjectReady/<@chrome://marionette/content/transport.js:493:9\n"},null]
Exiting due to channel error.
Exiting due to channel error.
